2001.10.27 19:07 B C:\a\index.htm <-- WS_FTP32 /webdocs index.htm
2001.10.27 19:07 B C:\a\spanish.html <-- WS_FTP32 /webdocs spanish.html
2001.10.27 19:07 B C:\a\french.html <-- WS_FTP32 /webdocs french.html
2001.10.27 19:07 B C:\a\german.html <-- WS_FTP32 /webdocs german.html
2001.10.27 19:09 B C:\a\spanish.html --> ftp-dom.earthlink.net /webdocs spanish.html
2001.10.27 19:11 B C:\a\french.html --> ftp-dom.earthlink.net /webdocs french.html
2001.10.27 19:11 B C:\a\german.html --> ftp-dom.earthlink.net /webdocs german.html
2001.10.27 19:28 B C:\a\index.htm --> ftp-dom.earthlink.net /webdocs index.htm
2001.10.27 19:35 B C:\a\french.html --> ftp-dom.earthlink.net /webdocs french.html
2001.10.27 19:57 B C:\a\french.html --> ftp-dom.earthlink.net /webdocs french.html
2001.10.27 19:59 B C:\a\german.html --> ftp-dom.earthlink.net /webdocs german.html
2001.10.27 20:02 B C:\a\french.html --> ftp-dom.earthlink.net /webdocs french.html
2001.10.27 20:02 B C:\a\german.html --> ftp-dom.earthlink.net /webdocs german.html
2001.10.27 20:02 B C:\a\index.htm --> ftp-dom.earthlink.net /webdocs index.htm
2001.10.27 20:02 B C:\a\spanish.html --> ftp-dom.earthlink.net /webdocs spanish.html
2001.10.27 20:07 B C:\a\index.htm --> ftp-dom.earthlink.net /webdocs index.htm
2001.10.27 20:08 B C:\a\index.htm --> ftp-dom.earthlink.net /webdocs index.htm
2001.10.27 20:10 B C:\a\index.htm --> ftp-dom.earthlink.net /webdocs index.htm
2001.10.27 20:13 B C:\a\index.htm --> ftp-dom.earthlink.net /webdocs index.htm
2001.10.28 10:56 B C:\a\Chad A.doc --> ftp-dom.earthlink.net /webdocs/Chads_Shit Chad A.doc
2001.10.28 10:57 B C:\a\Chad A.doc --> ftp-dom.earthlink.net /webdocs/Chads_Shit Chad A.doc
2001.10.28 10:58 B C:\a\Chad A.doc --> ftp-dom.earthlink.net /webdocs/Chads_Shit Chad A.doc
2001.10.28 10:58 B C:\a\Chad A.doc --> ftp-dom.earthlink.net /webdocs/Chads_Shit Chad A.doc
2001.10.28 10:58 B C:\a\Chad A.doc --> ftp-dom.earthlink.net /webdocs/Chads_Shit Chad A.doc
2001.10.28 10:58 B C:\a\Chad A.doc --> ftp-dom.earthlink.net /webdocs/Chads_Shit Chad A.doc
2001.10.28 10:58 B C:\a\Chad A.doc --> ftp-dom.earthlink.net /webdocs/Chads_Shit Chad A.doc
2001.10.28 10:58 B C:\a\Chad A.doc --> ftp-dom.earthlink.net /webdocs/Chads_Shit Chad A.doc
2001.10.28 12:03 B C:\a\index.htm --> ftp-dom.earthlink.net /webdocs index.htm
2001.10.28 17:34 B C:\a\australian.gif --> ftp-dom.earthlink.net /webdocs/new_flags australian.gif
2001.10.28 17:34 B C:\a\australian1.bmp --> ftp-dom.earthlink.net /webdocs/new_flags australian1.bmp
2001.10.28 17:34 B C:\a\australian1_KEY.rtf --> ftp-dom.earthlink.net /webdocs/new_flags australian1_KEY.rtf
2001.10.28 17:36 B C:\a\australian1_PAT.bmp --> ftp-dom.earthlink.net /webdocs/new_flags australian1_PAT.bmp
2001.10.28 17:36 B C:\a\french.bmp --> ftp-dom.earthlink.net /webdocs/new_flags french.bmp
2001.10.28 17:36 B C:\a\french.gif --> ftp-dom.earthlink.net /webdocs/new_flags french.gif
2001.10.28 17:36 B C:\a\french_KEY.rtf --> ftp-dom.earthlink.net /webdocs/new_flags french_KEY.rtf
2001.10.28 17:36 B C:\a\french_PAT.bmp --> ftp-dom.earthlink.net /webdocs/new_flags french_PAT.bmp
2001.10.28 17:37 B C:\a\german_national.bmp --> ftp-dom.earthlink.net /webdocs/new_flags german_national.bmp
2001.10.28 17:37 B C:\a\german_national.gif --> ftp-dom.earthlink.net /webdocs/new_flags german_national.gif
2001.10.28 17:37 B C:\a\german_national_KEY.rtf --> ftp-dom.earthlink.net /webdocs/new_flags german_national_KEY.rtf
2001.10.28 17:37 B C:\a\german_national_PAT.bmp --> ftp-dom.earthlink.net /webdocs/new_flags german_national_PAT.bmp
2001.10.28 17:37 B C:\a\germany_state.bmp --> ftp-dom.earthlink.net /webdocs/new_flags germany_state.bmp
2001.10.28 17:37 B C:\a\germany_state.gif --> ftp-dom.earthlink.net /webdocs/new_flags germany_state.gif
2001.10.28 17:37 B C:\a\germany_state_KEY.rtf --> ftp-dom.earthlink.net /webdocs/new_flags germany_state_KEY.rtf
2001.10.28 17:39 B C:\a\germany_state_PAT.bmp --> ftp-dom.earthlink.net /webdocs/new_flags germany_state_PAT.bmp
2001.10.28 17:39 B C:\a\italy.bmp --> ftp-dom.earthlink.net /webdocs/new_flags italy.bmp
2001.10.28 17:39 B C:\a\italy.gif --> ftp-dom.earthlink.net /webdocs/new_flags italy.gif
2001.10.28 17:39 B C:\a\italy_KEY.rtf --> ftp-dom.earthlink.net /webdocs/new_flags italy_KEY.rtf
2001.10.28 17:40 B C:\a\italy_PAT.bmp --> ftp-dom.earthlink.net /webdocs/new_flags italy_PAT.bmp
2001.10.28 17:40 B C:\a\MEXC001.gif --> ftp-dom.earthlink.net /webdocs/new_flags MEXC001.gif
2001.10.28 17:40 B C:\a\MEXC001_KEY.rtf --> ftp-dom.earthlink.net /webdocs/new_flags MEXC001_KEY.rtf
2001.10.28 17:42 B C:\a\MEXC001_PAT.bmp --> ftp-dom.earthlink.net /webdocs/new_flags MEXC001_PAT.bmp
2001.10.28 17:42 B C:\a\SPAN_state.bmp --> ftp-dom.earthlink.net /webdocs/new_flags SPAN_state.bmp
2001.10.28 17:42 B C:\a\SPAN_state.gif --> ftp-dom.earthlink.net /webdocs/new_flags SPAN_state.gif
2001.11.12 22:43 B C:\a\cats.bmp --> ftp-dom.earthlink.net /webdocs/JOELs_SHIT cats.bmp
2001.11.12 22:43 B C:\a\cats.rtf --> ftp-dom.earthlink.net /webdocs/JOELs_SHIT cats.rtf
2001.11.12 22:43 B C:\a\cats_pat.bmp --> ftp-dom.earthlink.net /webdocs/JOELs_SHIT cats_pat.bmp
2002.01.25 18:08 B C:\a\.htaccess <-- ELN Personal Home Pages /webdocs .htaccess
2002.01.25 18:08 B C:\a\_vti_inf.html <-- ELN Personal Home Pages /webdocs _vti_inf.html
2002.01.25 18:08 B C:\a\Banner.html <-- ELN Personal Home Pages /webdocs Banner.html
2002.01.25 18:08 B C:\a\catContact.gif <-- ELN Personal Home Pages /webdocs catContact.gif
2002.01.25 18:08 B C:\a\categ2.gif <-- ELN Personal Home Pages /webdocs categ2.gif
2002.01.25 18:08 B C:\a\categChristmas.gif <-- ELN Personal Home Pages /webdocs categChristmas.gif
2002.01.25 18:08 B C:\a\categCounted.gif <-- ELN Personal Home Pages /webdocs categCounted.gif
2002.01.25 18:08 B C:\a\categfill.gif <-- ELN Personal Home Pages /webdocs categfill.gif
2002.01.25 18:08 B C:\a\categfill100x75.gif <-- ELN Personal Home Pages /webdocs categfill100x75.gif
2002.01.25 18:08 B C:\a\categfill100x75white.gif <-- ELN Personal Home Pages /webdocs categfill100x75white.gif
2002.01.25 18:08 B C:\a\categfill2.gif <-- ELN Personal Home Pages /webdocs categfill2.gif
2002.01.25 18:08 B C:\a\categFlags.gif <-- ELN Personal Home Pages /webdocs categFlags.gif
2002.01.25 18:08 B C:\a\categHalloween.gif <-- ELN Personal Home Pages /webdocs categHalloween.gif
2002.01.25 18:08 B C:\a\categMisc.gif <-- ELN Personal Home Pages /webdocs categMisc.gif
2002.01.25 18:08 B C:\a\categThanksgiving.gif <-- ELN Personal Home Pages /webdocs categThanksgiving.gif
2002.01.25 18:08 B C:\a\catOrder.gif <-- ELN Personal Home Pages /webdocs catOrder.gif
2002.01.25 18:08 B C:\a\Christmas.html <-- ELN Personal Home Pages /webdocs Christmas.html
2002.01.25 18:08 B C:\a\Christmas2.html <-- ELN Personal Home Pages /webdocs Christmas2.html
2002.01.25 18:09 B C:\a\ChristmasTitle.gif <-- ELN Personal Home Pages /webdocs ChristmasTitle.gif
2002.01.25 18:09 B C:\a\Counted.html <-- ELN Personal Home Pages /webdocs Counted.html
2002.01.25 18:09 B C:\a\Custom.html <-- ELN Personal Home Pages /webdocs Custom.html
2002.01.25 18:09 B C:\a\custom3.html <-- ELN Personal Home Pages /webdocs custom3.html
2002.01.25 18:09 B C:\a\customer2.html <-- ELN Personal Home Pages /webdocs customer2.html
2002.01.25 18:09 B C:\a\custpat1.gif <-- ELN Personal Home Pages /webdocs custpat1.gif
2002.01.25 18:09 B C:\a\custpat2.gif <-- ELN Personal Home Pages /webdocs custpat2.gif
2002.01.25 18:09 B C:\a\emailresults.txt <-- ELN Personal Home Pages /webdocs emailresults.txt
2002.01.25 18:09 B C:\a\Flags.html <-- ELN Personal Home Pages /webdocs Flags.html
2002.01.25 18:09 B C:\a\french.html <-- ELN Personal Home Pages /webdocs french.html
2002.01.25 18:09 B C:\a\german.html <-- ELN Personal Home Pages /webdocs german.html
2002.01.25 18:09 B C:\a\Halloween.html <-- ELN Personal Home Pages /webdocs Halloween.html
2002.01.25 18:09 B C:\a\HomeTab.gif <-- ELN Personal Home Pages /webdocs HomeTab.gif
2002.01.25 18:09 B C:\a\index.htm <-- ELN Personal Home Pages /webdocs index.htm
2002.01.25 18:09 B C:\a\index_old.htm <-- ELN Personal Home Pages /webdocs index_old.htm
2002.01.25 18:09 B C:\a\italian.html <-- ELN Personal Home Pages /webdocs italian.html
2002.01.25 18:09 B C:\a\Misc.html <-- ELN Personal Home Pages /webdocs Misc.html
2002.01.25 18:09 B C:\a\needlework.gif <-- ELN Personal Home Pages /webdocs needlework.gif
2002.01.25 18:09 B C:\a\No_Printer.html <-- ELN Personal Home Pages /webdocs No_Printer.html
2002.01.25 18:09 B C:\a\NWHQ_Banner1.gif <-- ELN Personal Home Pages /webdocs NWHQ_Banner1.gif
2002.01.25 18:09 B C:\a\paper.gif <-- ELN Personal Home Pages /webdocs paper.gif
2002.01.25 18:09 B C:\a\portuguese.html <-- ELN Personal Home Pages /webdocs portuguese.html
2002.01.25 18:09 B C:\a\privacy.html <-- ELN Personal Home Pages /webdocs privacy.html
2002.01.25 18:09 B C:\a\ring.html <-- ELN Personal Home Pages /webdocs ring.html
2002.01.25 18:09 B C:\a\russian.html <-- ELN Personal Home Pages /webdocs russian.html
2002.01.25 18:09 B C:\a\spanish.html <-- ELN Personal Home Pages /webdocs spanish.html
2002.01.25 18:09 B C:\a\Thanksgiving.html <-- ELN Personal Home Pages /webdocs Thanksgiving.html
2002.01.25 18:09 B C:\a\xstnext.gif <-- ELN Personal Home Pages /webdocs xstnext.gif
2002.01.25 18:09 B C:\a\xstring.gif <-- ELN Personal Home Pages /webdocs xstring.gif
2002.01.27 22:31 B c:\a\.htaccess --> ftp.needleworkhq.com /ccollins .htaccess
2002.01.27 22:40 B c:\a\australia.bmp --> ftp.needleworkhq.com /ccollins australia.bmp
2002.01.27 22:40 B c:\a\australian.gif --> ftp.needleworkhq.com /ccollins australian.gif
2002.01.27 22:41 B c:\a\australian1.bmp --> ftp.needleworkhq.com /ccollins australian1.bmp
2002.01.27 22:41 B c:\a\australian1_KEY.rtf --> ftp.needleworkhq.com /ccollins australian1_KEY.rtf
2002.01.27 22:43 B c:\a\australian1_PAT.bmp --> ftp.needleworkhq.com /ccollins australian1_PAT.bmp
2002.01.27 22:43 B c:\a\Banner.html --> ftp.needleworkhq.com /ccollins Banner.html
2002.01.27 22:43 B c:\a\catContact.gif --> ftp.needleworkhq.com /ccollins catContact.gif
2002.01.27 22:43 B c:\a\categ2.gif --> ftp.needleworkhq.com /ccollins categ2.gif
2002.01.27 22:43 B c:\a\categChristmas.gif --> ftp.needleworkhq.com /ccollins categChristmas.gif
2002.01.27 22:43 B c:\a\categCounted.gif --> ftp.needleworkhq.com /ccollins categCounted.gif
2002.01.27 22:43 B c:\a\categfill.gif --> ftp.needleworkhq.com /ccollins categfill.gif
2002.01.27 22:43 B c:\a\categfill100x75.gif --> ftp.needleworkhq.com /ccollins categfill100x75.gif
2002.01.27 22:44 B c:\a\categfill100x75white.gif --> ftp.needleworkhq.com /ccollins categfill100x75white.gif
2002.01.27 22:44 B c:\a\categfill2.gif --> ftp.needleworkhq.com /ccollins categfill2.gif
2002.01.27 22:44 B c:\a\categFlags.gif --> ftp.needleworkhq.com /ccollins categFlags.gif
2002.01.27 22:44 B c:\a\categHalloween.gif --> ftp.needleworkhq.com /ccollins categHalloween.gif
2002.01.27 22:44 B c:\a\categMisc.gif --> ftp.needleworkhq.com /ccollins categMisc.gif
2002.01.27 22:44 B c:\a\categThanksgiving.gif --> ftp.needleworkhq.com /ccollins categThanksgiving.gif
2002.01.27 22:44 B c:\a\catOrder.gif --> ftp.needleworkhq.com /ccollins catOrder.gif
2002.01.27 22:44 B c:\a\cats.bmp --> ftp.needleworkhq.com /ccollins cats.bmp
2002.01.27 22:44 B c:\a\cats.rtf --> ftp.needleworkhq.com /ccollins cats.rtf
2002.01.27 22:44 B c:\a\cats_pat.bmp --> ftp.needleworkhq.com /ccollins cats_pat.bmp
2002.01.27 22:44 B c:\a\Chad A.doc --> ftp.needleworkhq.com /ccollins Chad A.doc
2002.01.27 22:44 B c:\a\Christmas.html --> ftp.needleworkhq.com /ccollins Christmas.html
2002.01.27 22:44 B c:\a\Christmas2.html --> ftp.needleworkhq.com /ccollins Christmas2.html
2002.01.27 22:44 B c:\a\ChristmasTitle.gif --> ftp.needleworkhq.com /ccollins ChristmasTitle.gif
2002.01.27 22:44 B c:\a\COMPLETE.WAV --> ftp.needleworkhq.com /ccollins COMPLETE.WAV
2002.01.27 22:44 B c:\a\Counted.html --> ftp.needleworkhq.com /ccollins Counted.html
2002.01.27 22:44 B c:\a\Custom.html --> ftp.needleworkhq.com /ccollins Custom.html
2002.01.27 22:44 B c:\a\custom3.html --> ftp.needleworkhq.com /ccollins custom3.html
2002.01.27 22:45 B c:\a\customer2.html --> ftp.needleworkhq.com /ccollins customer2.html
2002.01.27 22:45 B c:\a\custpat1.gif --> ftp.needleworkhq.com /ccollins custpat1.gif
2002.01.27 22:45 B c:\a\custpat2.gif --> ftp.needleworkhq.com /ccollins custpat2.gif
2002.01.27 22:45 B c:\a\emailresults.txt --> ftp.needleworkhq.com /ccollins emailresults.txt
2002.01.27 22:45 B c:\a\Flags.html --> ftp.needleworkhq.com /ccollins Flags.html
2002.01.27 22:45 B c:\a\french.bmp --> ftp.needleworkhq.com /ccollins french.bmp
2002.01.27 22:45 B c:\a\french.gif --> ftp.needleworkhq.com /ccollins french.gif
2002.01.27 22:45 B c:\a\french.html --> ftp.needleworkhq.com /ccollins french.html
2002.01.27 22:45 B c:\a\french_KEY.rtf --> ftp.needleworkhq.com /ccollins french_KEY.rtf
2002.01.27 22:46 B c:\a\french_PAT.bmp --> ftp.needleworkhq.com /ccollins french_PAT.bmp
2002.01.27 22:46 B c:\a\german.html --> ftp.needleworkhq.com /ccollins german.html
2002.01.27 22:46 B c:\a\german_national.bmp --> ftp.needleworkhq.com /ccollins german_national.bmp
2002.01.27 22:46 B c:\a\german_national.gif --> ftp.needleworkhq.com /ccollins german_national.gif
2002.01.27 22:46 B c:\a\german_national_KEY.rtf --> ftp.needleworkhq.com /ccollins german_national_KEY.rtf
2002.01.27 22:47 B c:\a\german_national_PAT.bmp --> ftp.needleworkhq.com /ccollins german_national_PAT.bmp
2002.01.27 22:47 B c:\a\germany_state.bmp --> ftp.needleworkhq.com /ccollins germany_state.bmp
2002.01.27 22:47 B c:\a\germany_state.gif --> ftp.needleworkhq.com /ccollins germany_state.gif
2002.01.27 22:47 B c:\a\germany_state_KEY.rtf --> ftp.needleworkhq.com /ccollins germany_state_KEY.rtf
2002.01.27 22:50 B c:\a\germany_state_PAT.bmp --> ftp.needleworkhq.com /ccollins germany_state_PAT.bmp
2002.01.27 22:50 B c:\a\Halloween.html --> ftp.needleworkhq.com /ccollins Halloween.html
2002.01.27 22:50 B c:\a\HomeTab.gif --> ftp.needleworkhq.com /ccollins HomeTab.gif
2002.01.27 22:50 B c:\a\index.htm --> ftp.needleworkhq.com /ccollins index.htm
2002.01.27 22:50 B c:\a\index_old.htm --> ftp.needleworkhq.com /ccollins index_old.htm
2002.01.27 22:50 B c:\a\italian.html --> ftp.needleworkhq.com /ccollins italian.html
2002.01.27 22:50 B c:\a\italy.bmp --> ftp.needleworkhq.com /ccollins italy.bmp
2002.01.27 22:51 B c:\a\italy.gif --> ftp.needleworkhq.com /ccollins italy.gif
2002.01.27 22:51 B c:\a\italy_KEY.rtf --> ftp.needleworkhq.com /ccollins italy_KEY.rtf
2002.01.27 22:51 B c:\a\italy_PAT.bmp --> ftp.needleworkhq.com /ccollins italy_PAT.bmp
2002.01.27 22:52 B c:\a\MEXC001.bmp --> ftp.needleworkhq.com /ccollins MEXC001.bmp
2002.01.27 22:52 B c:\a\MEXC001.gif --> ftp.needleworkhq.com /ccollins MEXC001.gif
2002.01.27 22:52 B c:\a\MEXC001_KEY.rtf --> ftp.needleworkhq.com /ccollins MEXC001_KEY.rtf
2002.01.27 22:54 B c:\a\MEXC001_PAT.bmp --> ftp.needleworkhq.com /ccollins MEXC001_PAT.bmp
2002.01.27 22:54 B c:\a\Misc.html --> ftp.needleworkhq.com /ccollins Misc.html
2002.01.27 22:55 B c:\a\needlework.gif --> ftp.needleworkhq.com /ccollins needlework.gif
2002.01.27 22:55 B c:\a\No_Printer.html --> ftp.needleworkhq.com /ccollins No_Printer.html
2002.01.27 22:55 B c:\a\NWHQ_Banner1.gif --> ftp.needleworkhq.com /ccollins NWHQ_Banner1.gif
2002.01.27 22:55 B c:\a\paper.gif --> ftp.needleworkhq.com /ccollins paper.gif
2002.01.27 22:55 B c:\a\portuguese.html --> ftp.needleworkhq.com /ccollins portuguese.html
2002.01.27 22:55 B c:\a\privacy.html --> ftp.needleworkhq.com /ccollins privacy.html
2002.01.27 22:55 B c:\a\ring.html --> ftp.needleworkhq.com /ccollins ring.html
2002.01.27 22:55 B c:\a\russian.html --> ftp.needleworkhq.com /ccollins russian.html
2002.01.27 22:55 B c:\a\scotland.gif --> ftp.needleworkhq.com /ccollins scotland.gif
2002.01.27 22:55 B c:\a\SPAN002.bmp --> ftp.needleworkhq.com /ccollins SPAN002.bmp
2002.01.27 22:55 B c:\a\SPAN002.gif --> ftp.needleworkhq.com /ccollins SPAN002.gif
2002.01.27 22:55 B c:\a\SPAN_state.bmp --> ftp.needleworkhq.com /ccollins SPAN_state.bmp
2002.01.27 22:55 B c:\a\SPAN_state.gif --> ftp.needleworkhq.com /ccollins SPAN_state.gif
2002.01.27 22:55 B c:\a\spanish.html --> ftp.needleworkhq.com /ccollins spanish.html
2002.01.27 22:55 B c:\a\Thanksgiving.html --> ftp.needleworkhq.com /ccollins Thanksgiving.html
