2002.01.30 23:43 B C:\Earthlink_NeedleworkHQ\dev\db\_vti_cnf\NWHQ.mdb <-- NWHQ2 /ccollins/db/_vti_cnf NWHQ.mdb
2002.02.25 13:35 B C:\b\db\_vti_cnf\WS_FTP.LOG <-- NWHQ2 /ccollins/db/_vti_cnf WS_FTP.LOG
2002.03.02 14:56 B C:\b\db\_vti_cnf\WS_FTP.LOG <-- nwhq /ccollins/db/_vti_cnf WS_FTP.LOG
2002.03.02 15:51 B C:\b\db\_vti_cnf\WS_FTP.LOG --> ftp.needleworkhq.com /ccollins/db/_vti_cnf WS_FTP.LOG
2002.03.04 22:53 B C:\b\db\_vti_cnf\NWHQ.mdb --> ftp.needleworkhq.com /ccollins/db/_vti_cnf NWHQ.mdb
2002.03.04 22:53 B C:\b\db\_vti_cnf\WS_FTP.LOG --> ftp.needleworkhq.com /ccollins/db/_vti_cnf WS_FTP.LOG
2002.03.04 23:26 B C:\b\db\_vti_cnf\NWHQ.mdb --> ftp.needleworkhq.com /ccollins/db/_vti_cnf NWHQ.mdb
2002.03.04 23:26 B C:\b\db\_vti_cnf\WS_FTP.LOG --> ftp.needleworkhq.com /ccollins/db/_vti_cnf WS_FTP.LOG
2002.02.24 23:24 B C:\ccollins\db\_vti_cnf\WS_FTP.LOG <-- NWHQ2 /ccollins/db/_vti_cnf WS_FTP.LOG
2002.03.04 00:18 B C:\ccollins\db\_vti_cnf\WS_FTP.LOG <-- NWHQ2 /ccollins/db/_vti_cnf WS_FTP.LOG
2002.03.08 12:50 B C:\ccollins\db\_vti_cnf\WS_FTP.LOG <-- NWHQ2 /ccollins/db/_vti_cnf WS_FTP.LOG
2002.03.17 12:59 B C:\ccollins\db\_vti_cnf\WS_FTP.LOG <-- NWHQ2 /ccollins/db/_vti_cnf WS_FTP.LOG
2002.03.18 13:47 B C:\aa\db\_vti_cnf\WS_FTP.LOG <-- NWHQ2 /ccollins/db/_vti_cnf WS_FTP.LOG
2002.04.09 00:28 B C:\ccollins\db\_vti_cnf\WS_FTP.LOG <-- NWHQ2 /ccollins/db/_vti_cnf WS_FTP.LOG
2002.04.15 14:47 B C:\ccollins\db\_vti_cnf\WS_FTP.LOG <-- NWHQ2 /ccollins/db/_vti_cnf WS_FTP.LOG
2002.06.17 10:05 B C:\z\db\_vti_cnf\WS_FTP.LOG <-- nw /ccollins/db/_vti_cnf WS_FTP.LOG
2002.06.30 13:51 B C:\aaa\db\_vti_cnf\WS_FTP.LOG <-- NWHQ1 /ccollins/db/_vti_cnf WS_FTP.LOG
2002.08.19 17:17 B C:\a\db\_vti_cnf\WS_FTP.LOG <-- NASA /ccollins/db/_vti_cnf WS_FTP.LOG
2002.08.20 13:38 B C:\a\db\_vti_cnf\WS_FTP.LOG <-- NASA /ccollins/db/_vti_cnf WS_FTP.LOG
2002.08.20 13:42 B C:\a\db\_vti_cnf\WS_FTP.LOG --> ftp.needleworkhq.com /ccollins/db/_vti_cnf WS_FTP.LOG
